0 verbose cli /usr/bin/node /usr/bin/npm
1 info using npm@11.3.0
2 info using node@v22.16.0
3 silly config load:file:/usr/lib/node_modules/npm/npmrc
4 silly config load:file:/app/.npmrc
5 silly config load:file:/root/.npmrc
6 silly config load:file:/etc/npmrc
7 verbose title npm install
8 verbose argv "install"
9 verbose logfile logs-max:10 dir:/root/.npm/_logs/2025-10-23T07_55_35_255Z-
10 verbose logfile /root/.npm/_logs/2025-10-23T07_55_35_255Z-debug-0.log
11 silly logfile done cleaning log files
12 silly packumentCache heap:2109210624 maxSize:527302656 maxEntrySize:263651328
13 silly idealTree buildDeps
14 silly reify moves {}
15 silly audit bulk request {
15 silly audit   accepts: [ '2.0.0' ],
15 silly audit   'body-parser': [ '2.2.0' ],
15 silly audit   bytes: [ '3.1.2' ],
15 silly audit   'call-bind-apply-helpers': [ '1.0.2' ],
15 silly audit   'call-bound': [ '1.0.4' ],
15 silly audit   'content-disposition': [ '1.0.0' ],
15 silly audit   'content-type': [ '1.0.5' ],
15 silly audit   cookie: [ '0.7.2' ],
15 silly audit   'cookie-signature': [ '1.2.2' ],
15 silly audit   debug: [ '4.4.3' ],
15 silly audit   depd: [ '2.0.0' ],
15 silly audit   'dunder-proto': [ '1.0.1' ],
15 silly audit   'ee-first': [ '1.1.1' ],
15 silly audit   encodeurl: [ '2.0.0' ],
15 silly audit   'es-define-property': [ '1.0.1' ],
15 silly audit   'es-errors': [ '1.3.0' ],
15 silly audit   'es-object-atoms': [ '1.1.1' ],
15 silly audit   'escape-html': [ '1.0.3' ],
15 silly audit   etag: [ '1.8.1' ],
15 silly audit   express: [ '5.1.0' ],
15 silly audit   finalhandler: [ '2.1.0' ],
15 silly audit   forwarded: [ '0.2.0' ],
15 silly audit   fresh: [ '2.0.0' ],
15 silly audit   'function-bind': [ '1.1.2' ],
15 silly audit   'get-intrinsic': [ '1.3.0' ],
15 silly audit   'get-proto': [ '1.0.1' ],
15 silly audit   gopd: [ '1.2.0' ],
15 silly audit   'has-symbols': [ '1.1.0' ],
15 silly audit   hasown: [ '2.0.2' ],
15 silly audit   'http-errors': [ '2.0.0' ],
15 silly audit   statuses: [ '2.0.1', '2.0.2' ],
15 silly audit   'iconv-lite': [ '0.6.3', '0.7.0' ],
15 silly audit   inherits: [ '2.0.4' ],
15 silly audit   'ipaddr.js': [ '1.9.1' ],
15 silly audit   'is-promise': [ '4.0.0' ],
15 silly audit   'math-intrinsics': [ '1.1.0' ],
15 silly audit   'media-typer': [ '1.1.0' ],
15 silly audit   'merge-descriptors': [ '2.0.0' ],
15 silly audit   'mime-db': [ '1.54.0' ],
15 silly audit   'mime-types': [ '3.0.1' ],
15 silly audit   ms: [ '2.1.3' ],
15 silly audit   negotiator: [ '1.0.0' ],
15 silly audit   'object-inspect': [ '1.13.4' ],
15 silly audit   'on-finished': [ '2.4.1' ],
15 silly audit   once: [ '1.4.0' ],
15 silly audit   parseurl: [ '1.3.3' ],
15 silly audit   'path-to-regexp': [ '8.3.0' ],
15 silly audit   'proxy-addr': [ '2.0.7' ],
15 silly audit   qs: [ '6.14.0' ],
15 silly audit   'range-parser': [ '1.2.1' ],
15 silly audit   'raw-body': [ '3.0.1' ],
15 silly audit   router: [ '2.2.0' ],
15 silly audit   'safe-buffer': [ '5.2.1' ],
15 silly audit   'safer-buffer': [ '2.1.2' ],
15 silly audit   send: [ '1.2.0' ],
15 silly audit   'serve-static': [ '2.2.0' ],
15 silly audit   setprototypeof: [ '1.2.0' ],
15 silly audit   'side-channel': [ '1.1.0' ],
15 silly audit   'side-channel-list': [ '1.0.0' ],
15 silly audit   'side-channel-map': [ '1.0.1' ],
15 silly audit   'side-channel-weakmap': [ '1.0.2' ],
15 silly audit   toidentifier: [ '1.0.1' ],
15 silly audit   'type-is': [ '2.0.1' ],
15 silly audit   unpipe: [ '1.0.0' ],
15 silly audit   vary: [ '1.1.2' ],
15 silly audit   wrappy: [ '1.0.2' ]
15 silly audit }
16 http cache wrappy@https://registry.npmjs.org/wrappy/-/wrappy-1.0.2.tgz 1ms (cache hit)
17 http cache vary@https://registry.npmjs.org/vary/-/vary-1.1.2.tgz 0ms (cache hit)
18 http cache unpipe@https://registry.npmjs.org/unpipe/-/unpipe-1.0.0.tgz 0ms (cache hit)
19 http cache toidentifier@https://registry.npmjs.org/toidentifier/-/toidentifier-1.0.1.tgz 0ms (cache hit)
20 http cache type-is@https://registry.npmjs.org/type-is/-/type-is-2.0.1.tgz 0ms (cache hit)
21 http cache statuses@https://registry.npmjs.org/statuses/-/statuses-2.0.2.tgz 0ms (cache hit)
22 http cache side-channel-map@https://registry.npmjs.org/side-channel-map/-/side-channel-map-1.0.1.tgz 0ms (cache hit)
23 http cache side-channel-weakmap@https://registry.npmjs.org/side-channel-weakmap/-/side-channel-weakmap-1.0.2.tgz 0ms (cache hit)
24 http cache side-channel-list@https://registry.npmjs.org/side-channel-list/-/side-channel-list-1.0.0.tgz 1ms (cache hit)
25 http cache side-channel@https://registry.npmjs.org/side-channel/-/side-channel-1.1.0.tgz 0ms (cache hit)
26 http cache setprototypeof@https://registry.npmjs.org/setprototypeof/-/setprototypeof-1.2.0.tgz 0ms (cache hit)
27 http cache serve-static@https://registry.npmjs.org/serve-static/-/serve-static-2.2.0.tgz 0ms (cache hit)
28 http cache send@https://registry.npmjs.org/send/-/send-1.2.0.tgz 0ms (cache hit)
29 http cache safer-buffer@https://registry.npmjs.org/safer-buffer/-/safer-buffer-2.1.2.tgz 0ms (cache hit)
30 http cache safe-buffer@https://registry.npmjs.org/safe-buffer/-/safe-buffer-5.2.1.tgz 0ms (cache hit)
31 http cache router@https://registry.npmjs.org/router/-/router-2.2.0.tgz 0ms (cache hit)
32 http cache raw-body@https://registry.npmjs.org/raw-body/-/raw-body-3.0.1.tgz 0ms (cache hit)
33 http cache range-parser@https://registry.npmjs.org/range-parser/-/range-parser-1.2.1.tgz 0ms (cache hit)
34 http cache qs@https://registry.npmjs.org/qs/-/qs-6.14.0.tgz 0ms (cache hit)
35 http cache proxy-addr@https://registry.npmjs.org/proxy-addr/-/proxy-addr-2.0.7.tgz 0ms (cache hit)
36 http cache path-to-regexp@https://registry.npmjs.org/path-to-regexp/-/path-to-regexp-8.3.0.tgz 0ms (cache hit)
37 http cache parseurl@https://registry.npmjs.org/parseurl/-/parseurl-1.3.3.tgz 0ms (cache hit)
38 http cache once@https://registry.npmjs.org/once/-/once-1.4.0.tgz 0ms (cache hit)
39 http cache on-finished@https://registry.npmjs.org/on-finished/-/on-finished-2.4.1.tgz 0ms (cache hit)
40 http cache negotiator@https://registry.npmjs.org/negotiator/-/negotiator-1.0.0.tgz 0ms (cache hit)
41 http cache ms@https://registry.npmjs.org/ms/-/ms-2.1.3.tgz 0ms (cache hit)
42 http cache object-inspect@https://registry.npmjs.org/object-inspect/-/object-inspect-1.13.4.tgz 0ms (cache hit)
43 http cache mime-db@https://registry.npmjs.org/mime-db/-/mime-db-1.54.0.tgz 0ms (cache hit)
44 http cache mime-types@https://registry.npmjs.org/mime-types/-/mime-types-3.0.1.tgz 0ms (cache hit)
45 http cache merge-descriptors@https://registry.npmjs.org/merge-descriptors/-/merge-descriptors-2.0.0.tgz 0ms (cache hit)
46 http cache math-intrinsics@https://registry.npmjs.org/math-intrinsics/-/math-intrinsics-1.1.0.tgz 0ms (cache hit)
47 http cache media-typer@https://registry.npmjs.org/media-typer/-/media-typer-1.1.0.tgz 0ms (cache hit)
48 http cache is-promise@https://registry.npmjs.org/is-promise/-/is-promise-4.0.0.tgz 0ms (cache hit)
49 http cache inherits@https://registry.npmjs.org/inherits/-/inherits-2.0.4.tgz 0ms (cache hit)
50 http cache ipaddr.js@https://registry.npmjs.org/ipaddr.js/-/ipaddr.js-1.9.1.tgz 0ms (cache hit)
51 http cache iconv-lite@https://registry.npmjs.org/iconv-lite/-/iconv-lite-0.6.3.tgz 0ms (cache hit)
52 http cache http-errors@https://registry.npmjs.org/http-errors/-/http-errors-2.0.0.tgz 0ms (cache hit)
53 http cache hasown@https://registry.npmjs.org/hasown/-/hasown-2.0.2.tgz 0ms (cache hit)
54 http cache has-symbols@https://registry.npmjs.org/has-symbols/-/has-symbols-1.1.0.tgz 0ms (cache hit)
55 http cache gopd@https://registry.npmjs.org/gopd/-/gopd-1.2.0.tgz 0ms (cache hit)
56 http cache get-proto@https://registry.npmjs.org/get-proto/-/get-proto-1.0.1.tgz 0ms (cache hit)
57 http cache get-intrinsic@https://registry.npmjs.org/get-intrinsic/-/get-intrinsic-1.3.0.tgz 0ms (cache hit)
58 http cache function-bind@https://registry.npmjs.org/function-bind/-/function-bind-1.1.2.tgz 0ms (cache hit)
59 http cache fresh@https://registry.npmjs.org/fresh/-/fresh-2.0.0.tgz 0ms (cache hit)
60 http cache forwarded@https://registry.npmjs.org/forwarded/-/forwarded-0.2.0.tgz 0ms (cache hit)
61 http cache finalhandler@https://registry.npmjs.org/finalhandler/-/finalhandler-2.1.0.tgz 0ms (cache hit)
62 http cache express@https://registry.npmjs.org/express/-/express-5.1.0.tgz 0ms (cache hit)
63 http cache etag@https://registry.npmjs.org/etag/-/etag-1.8.1.tgz 0ms (cache hit)
64 http cache es-object-atoms@https://registry.npmjs.org/es-object-atoms/-/es-object-atoms-1.1.1.tgz 0ms (cache hit)
65 http cache es-errors@https://registry.npmjs.org/es-errors/-/es-errors-1.3.0.tgz 0ms (cache hit)
66 http cache es-define-property@https://registry.npmjs.org/es-define-property/-/es-define-property-1.0.1.tgz 0ms (cache hit)
67 http cache escape-html@https://registry.npmjs.org/escape-html/-/escape-html-1.0.3.tgz 0ms (cache hit)
68 http cache encodeurl@https://registry.npmjs.org/encodeurl/-/encodeurl-2.0.0.tgz 0ms (cache hit)
69 http cache ee-first@https://registry.npmjs.org/ee-first/-/ee-first-1.1.1.tgz 0ms (cache hit)
70 http cache dunder-proto@https://registry.npmjs.org/dunder-proto/-/dunder-proto-1.0.1.tgz 0ms (cache hit)
71 http cache depd@https://registry.npmjs.org/depd/-/depd-2.0.0.tgz 0ms (cache hit)
72 http cache debug@https://registry.npmjs.org/debug/-/debug-4.4.3.tgz 0ms (cache hit)
73 http cache cookie-signature@https://registry.npmjs.org/cookie-signature/-/cookie-signature-1.2.2.tgz 0ms (cache hit)
74 http cache cookie@https://registry.npmjs.org/cookie/-/cookie-0.7.2.tgz 0ms (cache hit)
75 http cache content-type@https://registry.npmjs.org/content-type/-/content-type-1.0.5.tgz 0ms (cache hit)
76 http cache content-disposition@https://registry.npmjs.org/content-disposition/-/content-disposition-1.0.0.tgz 0ms (cache hit)
77 http cache call-bound@https://registry.npmjs.org/call-bound/-/call-bound-1.0.4.tgz 0ms (cache hit)
78 http cache bytes@https://registry.npmjs.org/bytes/-/bytes-3.1.2.tgz 0ms (cache hit)
79 http cache call-bind-apply-helpers@https://registry.npmjs.org/call-bind-apply-helpers/-/call-bind-apply-helpers-1.0.2.tgz 0ms (cache hit)
80 http cache body-parser@https://registry.npmjs.org/body-parser/-/body-parser-2.2.0.tgz 0ms (cache hit)
81 http cache accepts@https://registry.npmjs.org/accepts/-/accepts-2.0.0.tgz 0ms (cache hit)
82 http cache iconv-lite@https://registry.npmjs.org/iconv-lite/-/iconv-lite-0.7.0.tgz 0ms (cache hit)
83 http cache statuses@https://registry.npmjs.org/statuses/-/statuses-2.0.1.tgz 0ms (cache hit)
84 silly tarball no local data for wrappy@https://registry.npmjs.org/wrappy/-/wrappy-1.0.2.tgz. Extracting by manifest.
85 silly tarball no local data for vary@https://registry.npmjs.org/vary/-/vary-1.1.2.tgz. Extracting by manifest.
86 silly tarball no local data for unpipe@https://registry.npmjs.org/unpipe/-/unpipe-1.0.0.tgz. Extracting by manifest.
87 silly tarball no local data for toidentifier@https://registry.npmjs.org/toidentifier/-/toidentifier-1.0.1.tgz. Extracting by manifest.
88 silly tarball no local data for type-is@https://registry.npmjs.org/type-is/-/type-is-2.0.1.tgz. Extracting by manifest.
89 silly tarball no local data for statuses@https://registry.npmjs.org/statuses/-/statuses-2.0.2.tgz. Extracting by manifest.
90 silly tarball no local data for side-channel-map@https://registry.npmjs.org/side-channel-map/-/side-channel-map-1.0.1.tgz. Extracting by manifest.
91 silly tarball no local data for side-channel-weakmap@https://registry.npmjs.org/side-channel-weakmap/-/side-channel-weakmap-1.0.2.tgz. Extracting by manifest.
92 silly tarball no local data for side-channel-list@https://registry.npmjs.org/side-channel-list/-/side-channel-list-1.0.0.tgz. Extracting by manifest.
93 silly tarball no local data for side-channel@https://registry.npmjs.org/side-channel/-/side-channel-1.1.0.tgz. Extracting by manifest.
94 silly tarball no local data for setprototypeof@https://registry.npmjs.org/setprototypeof/-/setprototypeof-1.2.0.tgz. Extracting by manifest.
95 silly tarball no local data for serve-static@https://registry.npmjs.org/serve-static/-/serve-static-2.2.0.tgz. Extracting by manifest.
96 silly tarball no local data for send@https://registry.npmjs.org/send/-/send-1.2.0.tgz. Extracting by manifest.
97 silly tarball no local data for safer-buffer@https://registry.npmjs.org/safer-buffer/-/safer-buffer-2.1.2.tgz. Extracting by manifest.
98 silly tarball no local data for safe-buffer@https://registry.npmjs.org/safe-buffer/-/safe-buffer-5.2.1.tgz. Extracting by manifest.
99 silly tarball no local data for router@https://registry.npmjs.org/router/-/router-2.2.0.tgz. Extracting by manifest.
100 silly tarball no local data for raw-body@https://registry.npmjs.org/raw-body/-/raw-body-3.0.1.tgz. Extracting by manifest.
101 silly tarball no local data for range-parser@https://registry.npmjs.org/range-parser/-/range-parser-1.2.1.tgz. Extracting by manifest.
102 silly tarball no local data for qs@https://registry.npmjs.org/qs/-/qs-6.14.0.tgz. Extracting by manifest.
103 silly tarball no local data for path-to-regexp@https://registry.npmjs.org/path-to-regexp/-/path-to-regexp-8.3.0.tgz. Extracting by manifest.
104 silly tarball no local data for proxy-addr@https://registry.npmjs.org/proxy-addr/-/proxy-addr-2.0.7.tgz. Extracting by manifest.
105 silly tarball no local data for parseurl@https://registry.npmjs.org/parseurl/-/parseurl-1.3.3.tgz. Extracting by manifest.
106 silly tarball no local data for once@https://registry.npmjs.org/once/-/once-1.4.0.tgz. Extracting by manifest.
107 silly tarball no local data for on-finished@https://registry.npmjs.org/on-finished/-/on-finished-2.4.1.tgz. Extracting by manifest.
108 silly tarball no local data for negotiator@https://registry.npmjs.org/negotiator/-/negotiator-1.0.0.tgz. Extracting by manifest.
109 silly tarball no local data for ms@https://registry.npmjs.org/ms/-/ms-2.1.3.tgz. Extracting by manifest.
110 silly tarball no local data for object-inspect@https://registry.npmjs.org/object-inspect/-/object-inspect-1.13.4.tgz. Extracting by manifest.
111 silly tarball no local data for mime-db@https://registry.npmjs.org/mime-db/-/mime-db-1.54.0.tgz. Extracting by manifest.
112 silly tarball no local data for mime-types@https://registry.npmjs.org/mime-types/-/mime-types-3.0.1.tgz. Extracting by manifest.
113 silly tarball no local data for merge-descriptors@https://registry.npmjs.org/merge-descriptors/-/merge-descriptors-2.0.0.tgz. Extracting by manifest.
114 silly tarball no local data for math-intrinsics@https://registry.npmjs.org/math-intrinsics/-/math-intrinsics-1.1.0.tgz. Extracting by manifest.
115 silly tarball no local data for media-typer@https://registry.npmjs.org/media-typer/-/media-typer-1.1.0.tgz. Extracting by manifest.
116 silly tarball no local data for inherits@https://registry.npmjs.org/inherits/-/inherits-2.0.4.tgz. Extracting by manifest.
117 silly tarball no local data for ipaddr.js@https://registry.npmjs.org/ipaddr.js/-/ipaddr.js-1.9.1.tgz. Extracting by manifest.
118 silly tarball no local data for is-promise@https://registry.npmjs.org/is-promise/-/is-promise-4.0.0.tgz. Extracting by manifest.
119 silly tarball no local data for iconv-lite@https://registry.npmjs.org/iconv-lite/-/iconv-lite-0.6.3.tgz. Extracting by manifest.
120 silly tarball no local data for http-errors@https://registry.npmjs.org/http-errors/-/http-errors-2.0.0.tgz. Extracting by manifest.
121 silly tarball no local data for hasown@https://registry.npmjs.org/hasown/-/hasown-2.0.2.tgz. Extracting by manifest.
122 silly tarball no local data for has-symbols@https://registry.npmjs.org/has-symbols/-/has-symbols-1.1.0.tgz. Extracting by manifest.
123 silly tarball no local data for gopd@https://registry.npmjs.org/gopd/-/gopd-1.2.0.tgz. Extracting by manifest.
124 silly tarball no local data for get-proto@https://registry.npmjs.org/get-proto/-/get-proto-1.0.1.tgz. Extracting by manifest.
125 silly tarball no local data for get-intrinsic@https://registry.npmjs.org/get-intrinsic/-/get-intrinsic-1.3.0.tgz. Extracting by manifest.
126 silly tarball no local data for function-bind@https://registry.npmjs.org/function-bind/-/function-bind-1.1.2.tgz. Extracting by manifest.
127 silly tarball no local data for fresh@https://registry.npmjs.org/fresh/-/fresh-2.0.0.tgz. Extracting by manifest.
128 silly tarball no local data for forwarded@https://registry.npmjs.org/forwarded/-/forwarded-0.2.0.tgz. Extracting by manifest.
129 silly tarball no local data for finalhandler@https://registry.npmjs.org/finalhandler/-/finalhandler-2.1.0.tgz. Extracting by manifest.
130 silly tarball no local data for express@https://registry.npmjs.org/express/-/express-5.1.0.tgz. Extracting by manifest.
131 silly tarball no local data for etag@https://registry.npmjs.org/etag/-/etag-1.8.1.tgz. Extracting by manifest.
132 silly tarball no local data for es-object-atoms@https://registry.npmjs.org/es-object-atoms/-/es-object-atoms-1.1.1.tgz. Extracting by manifest.
133 silly tarball no local data for es-errors@https://registry.npmjs.org/es-errors/-/es-errors-1.3.0.tgz. Extracting by manifest.
134 silly tarball no local data for es-define-property@https://registry.npmjs.org/es-define-property/-/es-define-property-1.0.1.tgz. Extracting by manifest.
135 silly tarball no local data for escape-html@https://registry.npmjs.org/escape-html/-/escape-html-1.0.3.tgz. Extracting by manifest.
136 silly tarball no local data for encodeurl@https://registry.npmjs.org/encodeurl/-/encodeurl-2.0.0.tgz. Extracting by manifest.
137 silly tarball no local data for ee-first@https://registry.npmjs.org/ee-first/-/ee-first-1.1.1.tgz. Extracting by manifest.
138 silly tarball no local data for dunder-proto@https://registry.npmjs.org/dunder-proto/-/dunder-proto-1.0.1.tgz. Extracting by manifest.
139 silly tarball no local data for depd@https://registry.npmjs.org/depd/-/depd-2.0.0.tgz. Extracting by manifest.
140 silly tarball no local data for debug@https://registry.npmjs.org/debug/-/debug-4.4.3.tgz. Extracting by manifest.
141 silly tarball no local data for cookie-signature@https://registry.npmjs.org/cookie-signature/-/cookie-signature-1.2.2.tgz. Extracting by manifest.
142 silly tarball no local data for cookie@https://registry.npmjs.org/cookie/-/cookie-0.7.2.tgz. Extracting by manifest.
143 silly tarball no local data for content-type@https://registry.npmjs.org/content-type/-/content-type-1.0.5.tgz. Extracting by manifest.
144 silly tarball no local data for content-disposition@https://registry.npmjs.org/content-disposition/-/content-disposition-1.0.0.tgz. Extracting by manifest.
145 silly tarball no local data for call-bound@https://registry.npmjs.org/call-bound/-/call-bound-1.0.4.tgz. Extracting by manifest.
146 silly tarball no local data for bytes@https://registry.npmjs.org/bytes/-/bytes-3.1.2.tgz. Extracting by manifest.
147 silly tarball no local data for call-bind-apply-helpers@https://registry.npmjs.org/call-bind-apply-helpers/-/call-bind-apply-helpers-1.0.2.tgz. Extracting by manifest.
148 silly tarball no local data for body-parser@https://registry.npmjs.org/body-parser/-/body-parser-2.2.0.tgz. Extracting by manifest.
149 silly tarball no local data for accepts@https://registry.npmjs.org/accepts/-/accepts-2.0.0.tgz. Extracting by manifest.
150 silly tarball no local data for iconv-lite@https://registry.npmjs.org/iconv-lite/-/iconv-lite-0.7.0.tgz. Extracting by manifest.
151 silly tarball no local data for statuses@https://registry.npmjs.org/statuses/-/statuses-2.0.1.tgz. Extracting by manifest.
152 http fetch GET 200 https://registry.npmjs.org/wrappy/-/wrappy-1.0.2.tgz 316ms (cache miss)
153 http fetch GET 200 https://registry.npmjs.org/vary/-/vary-1.1.2.tgz 364ms (cache miss)
154 http fetch GET 200 https://registry.npmjs.org/safe-buffer/-/safe-buffer-5.2.1.tgz 362ms (cache miss)
155 http fetch GET 200 https://registry.npmjs.org/raw-body/-/raw-body-3.0.1.tgz 422ms (cache miss)
156 http fetch GET 200 https://registry.npmjs.org/unpipe/-/unpipe-1.0.0.tgz 436ms (cache miss)
157 http fetch GET 200 https://registry.npmjs.org/router/-/router-2.2.0.tgz 430ms (cache miss)
158 http fetch GET 200 https://registry.npmjs.org/range-parser/-/range-parser-1.2.1.tgz 446ms (cache miss)
159 http fetch GET 200 https://registry.npmjs.org/toidentifier/-/toidentifier-1.0.1.tgz 531ms (cache miss)
160 http fetch GET 200 https://registry.npmjs.org/proxy-addr/-/proxy-addr-2.0.7.tgz 526ms (cache miss)
161 http fetch GET 200 https://registry.npmjs.org/path-to-regexp/-/path-to-regexp-8.3.0.tgz 544ms (cache miss)
162 http fetch GET 200 https://registry.npmjs.org/parseurl/-/parseurl-1.3.3.tgz 553ms (cache miss)
163 http fetch GET 200 https://registry.npmjs.org/once/-/once-1.4.0.tgz 554ms (cache miss)
164 http fetch GET 200 https://registry.npmjs.org/on-finished/-/on-finished-2.4.1.tgz 557ms (cache miss)
165 http fetch GET 200 https://registry.npmjs.org/qs/-/qs-6.14.0.tgz 576ms (cache miss)
166 http fetch POST 200 https://registry.npmjs.org/-/npm/v1/security/advisories/bulk 675ms
167 silly audit report {}
168 http fetch GET 200 https://registry.npmjs.org/negotiator/-/negotiator-1.0.0.tgz 578ms (cache miss)
169 http fetch GET 200 https://registry.npmjs.org/type-is/-/type-is-2.0.1.tgz 595ms (cache miss)
170 http fetch GET 200 https://registry.npmjs.org/ms/-/ms-2.1.3.tgz 593ms (cache miss)
171 http fetch GET 200 https://registry.npmjs.org/merge-descriptors/-/merge-descriptors-2.0.0.tgz 688ms (cache miss)
172 http fetch GET 200 https://registry.npmjs.org/statuses/-/statuses-2.0.2.tgz 702ms (cache miss)
173 http fetch GET 200 https://registry.npmjs.org/inherits/-/inherits-2.0.4.tgz 702ms (cache miss)
174 http fetch GET 200 https://registry.npmjs.org/media-typer/-/media-typer-1.1.0.tgz 706ms (cache miss)
175 http fetch GET 200 https://registry.npmjs.org/mime-types/-/mime-types-3.0.1.tgz 714ms (cache miss)
176 http fetch GET 200 https://registry.npmjs.org/is-promise/-/is-promise-4.0.0.tgz 723ms (cache miss)
177 http fetch GET 200 https://registry.npmjs.org/mime-db/-/mime-db-1.54.0.tgz 771ms (cache miss)
178 http fetch GET 200 https://registry.npmjs.org/http-errors/-/http-errors-2.0.0.tgz 783ms (cache miss)
179 http fetch GET 200 https://registry.npmjs.org/ipaddr.js/-/ipaddr.js-1.9.1.tgz 786ms (cache miss)
180 http fetch GET 200 https://registry.npmjs.org/hasown/-/hasown-2.0.2.tgz 789ms (cache miss)
181 http fetch GET 200 https://registry.npmjs.org/has-symbols/-/has-symbols-1.1.0.tgz 795ms (cache miss)
182 http fetch GET 200 https://registry.npmjs.org/math-intrinsics/-/math-intrinsics-1.1.0.tgz 833ms (cache miss)
183 http fetch GET 200 https://registry.npmjs.org/side-channel-map/-/side-channel-map-1.0.1.tgz 844ms (cache miss)
184 http fetch GET 200 https://registry.npmjs.org/gopd/-/gopd-1.2.0.tgz 845ms (cache miss)
185 http fetch GET 200 https://registry.npmjs.org/side-channel-weakmap/-/side-channel-weakmap-1.0.2.tgz 890ms (cache miss)
186 http fetch GET 200 https://registry.npmjs.org/object-inspect/-/object-inspect-1.13.4.tgz 892ms (cache miss)
187 http fetch GET 200 https://registry.npmjs.org/get-proto/-/get-proto-1.0.1.tgz 887ms (cache miss)
188 http fetch GET 200 https://registry.npmjs.org/fresh/-/fresh-2.0.0.tgz 898ms (cache miss)
189 http fetch GET 200 https://registry.npmjs.org/forwarded/-/forwarded-0.2.0.tgz 915ms (cache miss)
190 http fetch GET 200 https://registry.npmjs.org/finalhandler/-/finalhandler-2.1.0.tgz 956ms (cache miss)
191 http fetch GET 200 https://registry.npmjs.org/escape-html/-/escape-html-1.0.3.tgz 955ms (cache miss)
192 http fetch GET 200 https://registry.npmjs.org/etag/-/etag-1.8.1.tgz 962ms (cache miss)
193 http fetch GET 200 https://registry.npmjs.org/function-bind/-/function-bind-1.1.2.tgz 978ms (cache miss)
194 http fetch GET 200 https://registry.npmjs.org/dunder-proto/-/dunder-proto-1.0.1.tgz 977ms (cache miss)
195 http fetch GET 200 https://registry.npmjs.org/encodeurl/-/encodeurl-2.0.0.tgz 978ms (cache miss)
196 http fetch GET 200 https://registry.npmjs.org/es-define-property/-/es-define-property-1.0.1.tgz 980ms (cache miss)
197 http fetch GET 200 https://registry.npmjs.org/es-object-atoms/-/es-object-atoms-1.1.1.tgz 989ms (cache miss)
198 http fetch GET 200 https://registry.npmjs.org/ee-first/-/ee-first-1.1.1.tgz 989ms (cache miss)
199 http fetch GET 200 https://registry.npmjs.org/side-channel-list/-/side-channel-list-1.0.0.tgz 1007ms (cache miss)
200 http fetch GET 200 https://registry.npmjs.org/content-type/-/content-type-1.0.5.tgz 987ms (cache miss)
201 http fetch GET 200 https://registry.npmjs.org/cookie/-/cookie-0.7.2.tgz 992ms (cache miss)
202 http fetch GET 200 https://registry.npmjs.org/bytes/-/bytes-3.1.2.tgz 988ms (cache miss)
203 http fetch GET 200 https://registry.npmjs.org/content-disposition/-/content-disposition-1.0.0.tgz 1004ms (cache miss)
204 http fetch GET 200 https://registry.npmjs.org/get-intrinsic/-/get-intrinsic-1.3.0.tgz 1015ms (cache miss)
205 http fetch GET 200 https://registry.npmjs.org/depd/-/depd-2.0.0.tgz 1009ms (cache miss)
206 http fetch GET 200 https://registry.npmjs.org/cookie-signature/-/cookie-signature-1.2.2.tgz 1008ms (cache miss)
207 http fetch GET 200 https://registry.npmjs.org/es-errors/-/es-errors-1.3.0.tgz 1015ms (cache miss)
208 http fetch GET 200 https://registry.npmjs.org/statuses/-/statuses-2.0.1.tgz 1003ms (cache miss)
209 http fetch GET 200 https://registry.npmjs.org/accepts/-/accepts-2.0.0.tgz 1006ms (cache miss)
210 http fetch GET 200 https://registry.npmjs.org/express/-/express-5.1.0.tgz 1019ms (cache miss)
211 http fetch GET 200 https://registry.npmjs.org/side-channel/-/side-channel-1.1.0.tgz 1037ms (cache miss)
212 http fetch GET 200 https://registry.npmjs.org/setprototypeof/-/setprototypeof-1.2.0.tgz 1045ms (cache miss)
213 http fetch GET 200 https://registry.npmjs.org/call-bind-apply-helpers/-/call-bind-apply-helpers-1.0.2.tgz 1028ms (cache miss)
214 http fetch GET 200 https://registry.npmjs.org/call-bound/-/call-bound-1.0.4.tgz 1036ms (cache miss)
215 http fetch GET 200 https://registry.npmjs.org/debug/-/debug-4.4.3.tgz 1041ms (cache miss)
216 http fetch GET 200 https://registry.npmjs.org/body-parser/-/body-parser-2.2.0.tgz 1034ms (cache miss)
217 http fetch GET 200 https://registry.npmjs.org/serve-static/-/serve-static-2.2.0.tgz 1068ms (cache miss)
218 http fetch GET 200 https://registry.npmjs.org/send/-/send-1.2.0.tgz 1087ms (cache miss)
219 http fetch GET 200 https://registry.npmjs.org/iconv-lite/-/iconv-lite-0.6.3.tgz 1081ms (cache miss)
220 http fetch GET 200 https://registry.npmjs.org/iconv-lite/-/iconv-lite-0.7.0.tgz 1071ms (cache miss)
221 http fetch GET 200 https://registry.npmjs.org/safer-buffer/-/safer-buffer-2.1.2.tgz 1127ms (cache miss)
222 silly ADD node_modules/wrappy
223 silly ADD node_modules/vary
224 silly ADD node_modules/unpipe
225 silly ADD node_modules/type-is
226 silly ADD node_modules/toidentifier
227 silly ADD node_modules/statuses
228 silly ADD node_modules/side-channel-weakmap
229 silly ADD node_modules/side-channel-map
230 silly ADD node_modules/side-channel-list
231 silly ADD node_modules/side-channel
232 silly ADD node_modules/setprototypeof
233 silly ADD node_modules/serve-static
234 silly ADD node_modules/send
235 silly ADD node_modules/safer-buffer
236 silly ADD node_modules/safe-buffer
237 silly ADD node_modules/router
238 silly ADD node_modules/raw-body
239 silly ADD node_modules/raw-body/node_modules/iconv-lite
240 silly ADD node_modules/range-parser
241 silly ADD node_modules/qs
242 silly ADD node_modules/proxy-addr
243 silly ADD node_modules/path-to-regexp
244 silly ADD node_modules/parseurl
245 silly ADD node_modules/once
246 silly ADD node_modules/on-finished
247 silly ADD node_modules/object-inspect
248 silly ADD node_modules/negotiator
249 silly ADD node_modules/ms
250 silly ADD node_modules/mime-types
251 silly ADD node_modules/mime-db
252 silly ADD node_modules/merge-descriptors
253 silly ADD node_modules/media-typer
254 silly ADD node_modules/math-intrinsics
255 silly ADD node_modules/is-promise
256 silly ADD node_modules/ipaddr.js
257 silly ADD node_modules/inherits
258 silly ADD node_modules/iconv-lite
259 silly ADD node_modules/http-errors
260 silly ADD node_modules/http-errors/node_modules/statuses
261 silly ADD node_modules/hasown
262 silly ADD node_modules/has-symbols
263 silly ADD node_modules/gopd
264 silly ADD node_modules/get-proto
265 silly ADD node_modules/get-intrinsic
266 silly ADD node_modules/function-bind
267 silly ADD node_modules/fresh
268 silly ADD node_modules/forwarded
269 silly ADD node_modules/finalhandler
270 silly ADD node_modules/express
271 silly ADD node_modules/etag
272 silly ADD node_modules/escape-html
273 silly ADD node_modules/es-object-atoms
274 silly ADD node_modules/es-errors
275 silly ADD node_modules/es-define-property
276 silly ADD node_modules/encodeurl
277 silly ADD node_modules/ee-first
278 silly ADD node_modules/dunder-proto
279 silly ADD node_modules/depd
280 silly ADD node_modules/debug
281 silly ADD node_modules/cookie-signature
282 silly ADD node_modules/cookie
283 silly ADD node_modules/content-type
284 silly ADD node_modules/content-disposition
285 silly ADD node_modules/call-bound
286 silly ADD node_modules/call-bind-apply-helpers
287 silly ADD node_modules/bytes
288 silly ADD node_modules/body-parser
289 silly ADD node_modules/accepts
290 verbose cwd /app
291 verbose os Linux 6.12.54-0-virt
292 verbose node v22.16.0
293 verbose npm  v11.3.0
294 verbose exit 0
295 info ok
